<?xml version="1.0" encoding="UTF-8"?>
<testsuite xmlns:xsi="http://www.w3.org/2001/XMLSchema-instance" xsi:noNamespaceSchemaLocation="https://maven.apache.org/surefire/maven-surefire-plugin/xsd/surefire-test-report.xsd" name="com.challenge.suite.ChallengeTestSuite" time="10.044" tests="18" errors="1" skipped="0" failures="0">
  <properties>
    <property name="sun.desktop" value="gnome"/>
    <property name="awt.toolkit" value="sun.awt.X11.XToolkit"/>
    <property name="file.encoding.pkg" value="sun.io"/>
    <property name="java.specification.version" value="1.8"/>
    <property name="sun.cpu.isalist" value=""/>
    <property name="sun.jnu.encoding" value="UTF-8"/>
    <property name="java.class.path" value="/home/renata/codenation/java-10/target/test-classes:/home/renata/codenation/java-10/target/classes:/home/renata/.m2/repository/org/springframework/boot/spring-boot-starter-data-jpa/2.1.6.RELEASE/spring-boot-starter-data-jpa-2.1.6.RELEASE.jar:/home/renata/.m2/repository/org/springframework/boot/spring-boot-starter-aop/2.1.6.RELEASE/spring-boot-starter-aop-2.1.6.RELEASE.jar:/home/renata/.m2/repository/org/springframework/spring-aop/5.1.8.RELEASE/spring-aop-5.1.8.RELEASE.jar:/home/renata/.m2/repository/org/aspectj/aspectjweaver/1.9.4/aspectjweaver-1.9.4.jar:/home/renata/.m2/repository/org/springframework/boot/spring-boot-starter-jdbc/2.1.6.RELEASE/spring-boot-starter-jdbc-2.1.6.RELEASE.jar:/home/renata/.m2/repository/com/zaxxer/HikariCP/3.2.0/HikariCP-3.2.0.jar:/home/renata/.m2/repository/org/springframework/spring-jdbc/5.1.8.RELEASE/spring-jdbc-5.1.8.RELEASE.jar:/home/renata/.m2/repository/javax/transaction/javax.transaction-api/1.3/javax.transaction-api-1.3.jar:/home/renata/.m2/repository/javax/xml/bind/jaxb-api/2.3.1/jaxb-api-2.3.1.jar:/home/renata/.m2/repository/javax/activation/javax.activation-api/1.2.0/javax.activation-api-1.2.0.jar:/home/renata/.m2/repository/org/hibernate/hibernate-core/5.3.10.Final/hibernate-core-5.3.10.Final.jar:/home/renata/.m2/repository/org/jboss/logging/jboss-logging/3.3.2.Final/jboss-logging-3.3.2.Final.jar:/home/renata/.m2/repository/javax/persistence/javax.persistence-api/2.2/javax.persistence-api-2.2.jar:/home/renata/.m2/repository/net/bytebuddy/byte-buddy/1.9.13/byte-buddy-1.9.13.jar:/home/renata/.m2/repository/antlr/antlr/2.7.7/antlr-2.7.7.jar:/home/renata/.m2/repository/org/jboss/jandex/2.0.5.Final/jandex-2.0.5.Final.jar:/home/renata/.m2/repository/com/fasterxml/classmate/1.4.0/classmate-1.4.0.jar:/home/renata/.m2/repository/org/dom4j/dom4j/2.1.1/dom4j-2.1.1.jar:/home/renata/.m2/repository/org/hibernate/common/hibernate-commons-annotations/5.0.4.Final/hibernate-commons-annotations-5.0.4.Final.jar:/home/renata/.m2/repository/org/springframework/data/spring-data-jpa/2.1.9.RELEASE/spring-data-jpa-2.1.9.RELEASE.jar:/home/renata/.m2/repository/org/springframework/data/spring-data-commons/2.1.9.RELEASE/spring-data-commons-2.1.9.RELEASE.jar:/home/renata/.m2/repository/org/springframework/spring-orm/5.1.8.RELEASE/spring-orm-5.1.8.RELEASE.jar:/home/renata/.m2/repository/org/springframework/spring-context/5.1.8.RELEASE/spring-context-5.1.8.RELEASE.jar:/home/renata/.m2/repository/org/springframework/spring-expression/5.1.8.RELEASE/spring-expression-5.1.8.RELEASE.jar:/home/renata/.m2/repository/org/springframework/spring-tx/5.1.8.RELEASE/spring-tx-5.1.8.RELEASE.jar:/home/renata/.m2/repository/org/springframework/spring-beans/5.1.8.RELEASE/spring-beans-5.1.8.RELEASE.jar:/home/renata/.m2/repository/org/slf4j/slf4j-api/1.7.26/slf4j-api-1.7.26.jar:/home/renata/.m2/repository/org/springframework/spring-aspects/5.1.8.RELEASE/spring-aspects-5.1.8.RELEASE.jar:/home/renata/.m2/repository/javax/validation/validation-api/2.0.0.Final/validation-api-2.0.0.Final.jar:/home/renata/.m2/repository/org/reflections/reflections/0.9.11/reflections-0.9.11.jar:/home/renata/.m2/repository/com/google/guava/guava/20.0/guava-20.0.jar:/home/renata/.m2/repository/org/javassist/javassist/3.21.0-GA/javassist-3.21.0-GA.jar:/home/renata/.m2/repository/com/h2database/h2/1.4.199/h2-1.4.199.jar:/home/renata/.m2/repository/org/projectlombok/lombok/1.18.8/lombok-1.18.8.jar:/home/renata/.m2/repository/org/springframework/boot/spring-boot-starter-test/2.1.6.RELEASE/spring-boot-starter-test-2.1.6.RELEASE.jar:/home/renata/.m2/repository/org/springframework/boot/spring-boot-starter/2.1.6.RELEASE/spring-boot-starter-2.1.6.RELEASE.jar:/home/renata/.m2/repository/org/springframework/boot/spring-boot/2.1.6.RELEASE/spring-boot-2.1.6.RELEASE.jar:/home/renata/.m2/repository/org/springframework/boot/spring-boot-autoconfigure/2.1.6.RELEASE/spring-boot-autoconfigure-2.1.6.RELEASE.jar:/home/renata/.m2/repository/org/springframework/boot/spring-boot-starter-logging/2.1.6.RELEASE/spring-boot-starter-logging-2.1.6.RELEASE.jar:/home/renata/.m2/repository/ch/qos/logback/logback-classic/1.2.3/logback-classic-1.2.3.jar:/home/renata/.m2/repository/ch/qos/logback/logback-core/1.2.3/logback-core-1.2.3.jar:/home/renata/.m2/repository/org/apache/logging/log4j/log4j-to-slf4j/2.11.2/log4j-to-slf4j-2.11.2.jar:/home/renata/.m2/repository/org/apache/logging/log4j/log4j-api/2.11.2/log4j-api-2.11.2.jar:/home/renata/.m2/repository/org/slf4j/jul-to-slf4j/1.7.26/jul-to-slf4j-1.7.26.jar:/home/renata/.m2/repository/javax/annotation/javax.annotation-api/1.3.2/javax.annotation-api-1.3.2.jar:/home/renata/.m2/repository/org/yaml/snakeyaml/1.23/snakeyaml-1.23.jar:/home/renata/.m2/repository/org/springframework/boot/spring-boot-test/2.1.6.RELEASE/spring-boot-test-2.1.6.RELEASE.jar:/home/renata/.m2/repository/org/springframework/boot/spring-boot-test-autoconfigure/2.1.6.RELEASE/spring-boot-test-autoconfigure-2.1.6.RELEASE.jar:/home/renata/.m2/repository/com/jayway/jsonpath/json-path/2.4.0/json-path-2.4.0.jar:/home/renata/.m2/repository/net/minidev/json-smart/2.3/json-smart-2.3.jar:/home/renata/.m2/repository/net/minidev/accessors-smart/1.2/accessors-smart-1.2.jar:/home/renata/.m2/repository/org/ow2/asm/asm/5.0.4/asm-5.0.4.jar:/home/renata/.m2/repository/junit/junit/4.12/junit-4.12.jar:/home/renata/.m2/repository/org/assertj/assertj-core/3.11.1/assertj-core-3.11.1.jar:/home/renata/.m2/repository/org/mockito/mockito-core/2.23.4/mockito-core-2.23.4.jar:/home/renata/.m2/repository/net/bytebuddy/byte-buddy-agent/1.9.13/byte-buddy-agent-1.9.13.jar:/home/renata/.m2/repository/org/objenesis/objenesis/2.6/objenesis-2.6.jar:/home/renata/.m2/repository/org/hamcrest/hamcrest-core/1.3/hamcrest-core-1.3.jar:/home/renata/.m2/repository/org/hamcrest/hamcrest-library/1.3/hamcrest-library-1.3.jar:/home/renata/.m2/repository/org/skyscreamer/jsonassert/1.5.0/jsonassert-1.5.0.jar:/home/renata/.m2/repository/com/vaadin/external/google/android-json/0.0.20131108.vaadin1/android-json-0.0.20131108.vaadin1.jar:/home/renata/.m2/repository/org/springframework/spring-core/5.1.8.RELEASE/spring-core-5.1.8.RELEASE.jar:/home/renata/.m2/repository/org/springframework/spring-jcl/5.1.8.RELEASE/spring-jcl-5.1.8.RELEASE.jar:/home/renata/.m2/repository/org/springframework/spring-test/5.1.8.RELEASE/spring-test-5.1.8.RELEASE.jar:/home/renata/.m2/repository/org/xmlunit/xmlunit-core/2.6.2/xmlunit-core-2.6.2.jar:"/>
    <property name="java.vm.vendor" value="Amazon.com Inc."/>
    <property name="sun.arch.data.model" value="64"/>
    <property name="java.vendor.url" value="https://aws.amazon.com/corretto/"/>
    <property name="user.timezone" value=""/>
    <property name="user.country.format" value="BR"/>
    <property name="java.vm.specification.version" value="1.8"/>
    <property name="os.name" value="Linux"/>
    <property name="user.country" value="US"/>
    <property name="sun.java.launcher" value="SUN_STANDARD"/>
    <property name="sun.boot.library.path" value="/usr/lib/jvm/java-1.8.0-amazon-corretto/jre/lib/amd64"/>
    <property name="sun.java.command" value="/home/renata/codenation/java-10/target/surefire/surefirebooter6738743277692071637.jar /home/renata/codenation/java-10/target/surefire 2020-02-26T11-28-57_288-jvmRun1 surefire860817506345714624tmp surefire_02639759441518567926tmp"/>
    <property name="test" value="ChallengeTestSuite"/>
    <property name="surefire.test.class.path" value="/home/renata/codenation/java-10/target/test-classes:/home/renata/codenation/java-10/target/classes:/home/renata/.m2/repository/org/springframework/boot/spring-boot-starter-data-jpa/2.1.6.RELEASE/spring-boot-starter-data-jpa-2.1.6.RELEASE.jar:/home/renata/.m2/repository/org/springframework/boot/spring-boot-starter-aop/2.1.6.RELEASE/spring-boot-starter-aop-2.1.6.RELEASE.jar:/home/renata/.m2/repository/org/springframework/spring-aop/5.1.8.RELEASE/spring-aop-5.1.8.RELEASE.jar:/home/renata/.m2/repository/org/aspectj/aspectjweaver/1.9.4/aspectjweaver-1.9.4.jar:/home/renata/.m2/repository/org/springframework/boot/spring-boot-starter-jdbc/2.1.6.RELEASE/spring-boot-starter-jdbc-2.1.6.RELEASE.jar:/home/renata/.m2/repository/com/zaxxer/HikariCP/3.2.0/HikariCP-3.2.0.jar:/home/renata/.m2/repository/org/springframework/spring-jdbc/5.1.8.RELEASE/spring-jdbc-5.1.8.RELEASE.jar:/home/renata/.m2/repository/javax/transaction/javax.transaction-api/1.3/javax.transaction-api-1.3.jar:/home/renata/.m2/repository/javax/xml/bind/jaxb-api/2.3.1/jaxb-api-2.3.1.jar:/home/renata/.m2/repository/javax/activation/javax.activation-api/1.2.0/javax.activation-api-1.2.0.jar:/home/renata/.m2/repository/org/hibernate/hibernate-core/5.3.10.Final/hibernate-core-5.3.10.Final.jar:/home/renata/.m2/repository/org/jboss/logging/jboss-logging/3.3.2.Final/jboss-logging-3.3.2.Final.jar:/home/renata/.m2/repository/javax/persistence/javax.persistence-api/2.2/javax.persistence-api-2.2.jar:/home/renata/.m2/repository/net/bytebuddy/byte-buddy/1.9.13/byte-buddy-1.9.13.jar:/home/renata/.m2/repository/antlr/antlr/2.7.7/antlr-2.7.7.jar:/home/renata/.m2/repository/org/jboss/jandex/2.0.5.Final/jandex-2.0.5.Final.jar:/home/renata/.m2/repository/com/fasterxml/classmate/1.4.0/classmate-1.4.0.jar:/home/renata/.m2/repository/org/dom4j/dom4j/2.1.1/dom4j-2.1.1.jar:/home/renata/.m2/repository/org/hibernate/common/hibernate-commons-annotations/5.0.4.Final/hibernate-commons-annotations-5.0.4.Final.jar:/home/renata/.m2/repository/org/springframework/data/spring-data-jpa/2.1.9.RELEASE/spring-data-jpa-2.1.9.RELEASE.jar:/home/renata/.m2/repository/org/springframework/data/spring-data-commons/2.1.9.RELEASE/spring-data-commons-2.1.9.RELEASE.jar:/home/renata/.m2/repository/org/springframework/spring-orm/5.1.8.RELEASE/spring-orm-5.1.8.RELEASE.jar:/home/renata/.m2/repository/org/springframework/spring-context/5.1.8.RELEASE/spring-context-5.1.8.RELEASE.jar:/home/renata/.m2/repository/org/springframework/spring-expression/5.1.8.RELEASE/spring-expression-5.1.8.RELEASE.jar:/home/renata/.m2/repository/org/springframework/spring-tx/5.1.8.RELEASE/spring-tx-5.1.8.RELEASE.jar:/home/renata/.m2/repository/org/springframework/spring-beans/5.1.8.RELEASE/spring-beans-5.1.8.RELEASE.jar:/home/renata/.m2/repository/org/slf4j/slf4j-api/1.7.26/slf4j-api-1.7.26.jar:/home/renata/.m2/repository/org/springframework/spring-aspects/5.1.8.RELEASE/spring-aspects-5.1.8.RELEASE.jar:/home/renata/.m2/repository/javax/validation/validation-api/2.0.0.Final/validation-api-2.0.0.Final.jar:/home/renata/.m2/repository/org/reflections/reflections/0.9.11/reflections-0.9.11.jar:/home/renata/.m2/repository/com/google/guava/guava/20.0/guava-20.0.jar:/home/renata/.m2/repository/org/javassist/javassist/3.21.0-GA/javassist-3.21.0-GA.jar:/home/renata/.m2/repository/com/h2database/h2/1.4.199/h2-1.4.199.jar:/home/renata/.m2/repository/org/projectlombok/lombok/1.18.8/lombok-1.18.8.jar:/home/renata/.m2/repository/org/springframework/boot/spring-boot-starter-test/2.1.6.RELEASE/spring-boot-starter-test-2.1.6.RELEASE.jar:/home/renata/.m2/repository/org/springframework/boot/spring-boot-starter/2.1.6.RELEASE/spring-boot-starter-2.1.6.RELEASE.jar:/home/renata/.m2/repository/org/springframework/boot/spring-boot/2.1.6.RELEASE/spring-boot-2.1.6.RELEASE.jar:/home/renata/.m2/repository/org/springframework/boot/spring-boot-autoconfigure/2.1.6.RELEASE/spring-boot-autoconfigure-2.1.6.RELEASE.jar:/home/renata/.m2/repository/org/springframework/boot/spring-boot-starter-logging/2.1.6.RELEASE/spring-boot-starter-logging-2.1.6.RELEASE.jar:/home/renata/.m2/repository/ch/qos/logback/logback-classic/1.2.3/logback-classic-1.2.3.jar:/home/renata/.m2/repository/ch/qos/logback/logback-core/1.2.3/logback-core-1.2.3.jar:/home/renata/.m2/repository/org/apache/logging/log4j/log4j-to-slf4j/2.11.2/log4j-to-slf4j-2.11.2.jar:/home/renata/.m2/repository/org/apache/logging/log4j/log4j-api/2.11.2/log4j-api-2.11.2.jar:/home/renata/.m2/repository/org/slf4j/jul-to-slf4j/1.7.26/jul-to-slf4j-1.7.26.jar:/home/renata/.m2/repository/javax/annotation/javax.annotation-api/1.3.2/javax.annotation-api-1.3.2.jar:/home/renata/.m2/repository/org/yaml/snakeyaml/1.23/snakeyaml-1.23.jar:/home/renata/.m2/repository/org/springframework/boot/spring-boot-test/2.1.6.RELEASE/spring-boot-test-2.1.6.RELEASE.jar:/home/renata/.m2/repository/org/springframework/boot/spring-boot-test-autoconfigure/2.1.6.RELEASE/spring-boot-test-autoconfigure-2.1.6.RELEASE.jar:/home/renata/.m2/repository/com/jayway/jsonpath/json-path/2.4.0/json-path-2.4.0.jar:/home/renata/.m2/repository/net/minidev/json-smart/2.3/json-smart-2.3.jar:/home/renata/.m2/repository/net/minidev/accessors-smart/1.2/accessors-smart-1.2.jar:/home/renata/.m2/repository/org/ow2/asm/asm/5.0.4/asm-5.0.4.jar:/home/renata/.m2/repository/junit/junit/4.12/junit-4.12.jar:/home/renata/.m2/repository/org/assertj/assertj-core/3.11.1/assertj-core-3.11.1.jar:/home/renata/.m2/repository/org/mockito/mockito-core/2.23.4/mockito-core-2.23.4.jar:/home/renata/.m2/repository/net/bytebuddy/byte-buddy-agent/1.9.13/byte-buddy-agent-1.9.13.jar:/home/renata/.m2/repository/org/objenesis/objenesis/2.6/objenesis-2.6.jar:/home/renata/.m2/repository/org/hamcrest/hamcrest-core/1.3/hamcrest-core-1.3.jar:/home/renata/.m2/repository/org/hamcrest/hamcrest-library/1.3/hamcrest-library-1.3.jar:/home/renata/.m2/repository/org/skyscreamer/jsonassert/1.5.0/jsonassert-1.5.0.jar:/home/renata/.m2/repository/com/vaadin/external/google/android-json/0.0.20131108.vaadin1/android-json-0.0.20131108.vaadin1.jar:/home/renata/.m2/repository/org/springframework/spring-core/5.1.8.RELEASE/spring-core-5.1.8.RELEASE.jar:/home/renata/.m2/repository/org/springframework/spring-jcl/5.1.8.RELEASE/spring-jcl-5.1.8.RELEASE.jar:/home/renata/.m2/repository/org/springframework/spring-test/5.1.8.RELEASE/spring-test-5.1.8.RELEASE.jar:/home/renata/.m2/repository/org/xmlunit/xmlunit-core/2.6.2/xmlunit-core-2.6.2.jar:"/>
    <property name="sun.cpu.endian" value="little"/>
    <property name="user.home" value="/home/renata"/>
    <property name="user.language" value="en"/>
    <property name="java.specification.vendor" value="Oracle Corporation"/>
    <property name="java.home" value="/usr/lib/jvm/java-1.8.0-amazon-corretto/jre"/>
    <property name="basedir" value="/home/renata/codenation/java-10"/>
    <property name="file.separator" value="/"/>
    <property name="line.separator" value="&#10;"/>
    <property name="java.vm.specification.vendor" value="Oracle Corporation"/>
    <property name="java.specification.name" value="Java Platform API Specification"/>
    <property name="java.awt.graphicsenv" value="sun.awt.X11GraphicsEnvironment"/>
    <property name="surefire.real.class.path" value="/home/renata/codenation/java-10/target/surefire/surefirebooter6738743277692071637.jar"/>
    <property name="sun.boot.class.path" value="/usr/lib/jvm/java-1.8.0-amazon-corretto/jre/lib/resources.jar:/usr/lib/jvm/java-1.8.0-amazon-corretto/jre/lib/rt.jar:/usr/lib/jvm/java-1.8.0-amazon-corretto/jre/lib/sunrsasign.jar:/usr/lib/jvm/java-1.8.0-amazon-corretto/jre/lib/jsse.jar:/usr/lib/jvm/java-1.8.0-amazon-corretto/jre/lib/jce.jar:/usr/lib/jvm/java-1.8.0-amazon-corretto/jre/lib/charsets.jar:/usr/lib/jvm/java-1.8.0-amazon-corretto/jre/lib/jfr.jar:/usr/lib/jvm/java-1.8.0-amazon-corretto/jre/classes"/>
    <property name="sun.management.compiler" value="HotSpot 64-Bit Tiered Compilers"/>
    <property name="java.runtime.version" value="1.8.0_212-b04"/>
    <property name="user.name" value="renata"/>
    <property name="path.separator" value=":"/>
    <property name="os.version" value="5.3.0-40-generic"/>
    <property name="java.endorsed.dirs" value="/usr/lib/jvm/java-1.8.0-amazon-corretto/jre/lib/endorsed"/>
    <property name="java.runtime.name" value="OpenJDK Runtime Environment"/>
    <property name="file.encoding" value="UTF-8"/>
    <property name="java.vm.name" value="OpenJDK 64-Bit Server VM"/>
    <property name="localRepository" value="/home/renata/.m2/repository"/>
    <property name="java.vendor.url.bug" value="https://github.com/corretto/corretto-8/issues/"/>
    <property name="java.io.tmpdir" value="/tmp"/>
    <property name="java.version" value="1.8.0_212"/>
    <property name="user.dir" value="/home/renata/codenation/java-10"/>
    <property name="os.arch" value="amd64"/>
    <property name="java.vm.specification.name" value="Java Virtual Machine Specification"/>
    <property name="java.awt.printerjob" value="sun.print.PSPrinterJob"/>
    <property name="user.language.format" value="pt"/>
    <property name="sun.os.patch.level" value="unknown"/>
    <property name="java.library.path" value="/usr/java/packages/lib/amd64:/usr/lib64:/lib64:/lib:/usr/lib"/>
    <property name="java.vm.info" value="mixed mode"/>
    <property name="java.vendor" value="Amazon.com Inc."/>
    <property name="java.vm.version" value="25.212-b04"/>
    <property name="java.ext.dirs" value="/usr/lib/jvm/java-1.8.0-amazon-corretto/jre/lib/ext:/usr/java/packages/lib/ext"/>
    <property name="sun.io.unicode.encoding" value="UnicodeLittle"/>
    <property name="java.class.version" value="52.0"/>
  </properties>
  <testcase name="whenFindByCompanyId" classname="com.challenge.suite.AccelerationServiceTest" time="0.344"/>
  <testcase name="whenFindById" classname="com.challenge.suite.AccelerationServiceTest" time="0.044"/>
  <testcase name="whenFindByCompanyId" classname="com.challenge.suite.CandidateServiceTest" time="0.084"/>
  <testcase name="whenFindById" classname="com.challenge.suite.CandidateServiceTest" time="0.053"/>
  <testcase name="whenFindByAccelerationId" classname="com.challenge.suite.CandidateServiceTest" time="0.079"/>
  <testcase name="whenFindByIdThenNotFound" classname="com.challenge.suite.CandidateServiceTest" time="0.064"/>
  <testcase name="whenFindByAccelerationIdAndUserId" classname="com.challenge.suite.ChallengeServiceTest" time="0.064"/>
  <testcase name="whenFindById" classname="com.challenge.suite.CompanyServiceTest" time="0.013"/>
  <testcase name="whenFindByAccelerationId" classname="com.challenge.suite.CompanyServiceTest" time="0.068"/>
  <testcase name="whenFindByIdThenNotFound" classname="com.challenge.suite.CompanyServiceTest" time="0.057"/>
  <testcase name="whenFindByUserId" classname="com.challenge.suite.CompanyServiceTest" time="0.053"/>
  <testcase name="whenFindByChallengeIdAndAccelerationId" classname="com.challenge.suite.SubmissionServiceTest" time="0.076"/>
  <testcase name="whenFindHigherScoreByChallengeIdReturnNotFound" classname="com.challenge.suite.SubmissionServiceTest" time="0.066"/>
  <testcase name="whenFindHigherScoreByChallengeId" classname="com.challenge.suite.SubmissionServiceTest" time="0.08"/>
  <testcase name="whenFindByCompanyId" classname="com.challenge.suite.UserServiceTest" time="0.044"/>
  <testcase name="whenFindById" classname="com.challenge.suite.UserServiceTest" time="0.033"/>
  <testcase name="whenFindByAccelerationName" classname="com.challenge.suite.UserServiceTest" time="0.041"/>
  <testcase name="whenSave" classname="com.challenge.suite.UserServiceTest" time="0.078">
    <error type="java.lang.StackOverflowError">java.lang.StackOverflowError
</error>
    <system-out><![CDATA[2020-02-26 11:29:08.397  INFO 25646 --- [           main] o.s.t.c.transaction.TransactionContext   : Began transaction (1) for test context [DefaultTestContext@5940b14e testClass = UserServiceTest, testInstance = com.challenge.suite.UserServiceTest@4c5406b, testMethod = whenSave@UserServiceTest, testException = [null], mergedContextConfiguration = [MergedContextConfiguration@795f6681 testClass = UserServiceTest, locations = '{}', classes = '{class com.challenge.SpringChallengeApplication}', contextInitializerClasses = '[]', activeProfiles = '{}', propertySourceLocations = '{}', propertySourceProperties = '{org.springframework.boot.test.context.SpringBootTestContextBootstrapper=true}', contextCustomizers = set[org.springframework.boot.test.context.filter.ExcludeFilterContextCustomizer@30a3107a, org.springframework.boot.test.json.DuplicateJsonObjectContextCustomizerFactory$DuplicateJsonObjectContextCustomizer@52feb982, org.springframework.boot.test.mock.mockito.MockitoContextCustomizer@0, org.springframework.boot.test.web.client.TestRestTemplateContextCustomizer@36b4cef0, org.springframework.boot.test.autoconfigure.properties.PropertyMappingContextCustomizer@0, org.springframework.boot.test.autoconfigure.web.servlet.WebDriverContextCustomizerFactory$Customizer@42d8062c], contextLoader = 'org.springframework.boot.test.context.SpringBootContextLoader', parent = [null]], attributes = map[[empty]]]; transaction manager [org.springframework.orm.jpa.JpaTransactionManager@216c22ce]; rollback [true]
Hibernate: select user0_.id as id1_5_0_, user0_.created_at as created_2_5_0_, user0_.email as email3_5_0_, user0_.full_name as full_nam4_5_0_, user0_.nickname as nickname5_5_0_, user0_.password as password6_5_0_ from users user0_ where user0_.id=?
============================================================
Object:User(id=null, fullName=Bruno, email=bruno@gmail.com, nickname=nick_bruno, password=123456, createdAt=null, candidates=null, submissions=null)
============================================================
============================================================
Hibernate: select candidates0_.user_id as user_id3_1_0_, candidates0_.acceleration_id as accelera5_1_0_, candidates0_.company_id as company_4_1_0_, candidates0_.acceleration_id as accelera5_1_1_, candidates0_.company_id as company_4_1_1_, candidates0_.user_id as user_id3_1_1_, candidates0_.created_at as created_1_1_1_, candidates0_.status as status2_1_1_, accelerati1_.id as id1_0_2_, accelerati1_.challenge_id as challeng5_0_2_, accelerati1_.created_at as created_2_0_2_, accelerati1_.name as name3_0_2_, accelerati1_.slug as slug4_0_2_, challenge2_.id as id1_2_3_, challenge2_.created_at as created_2_2_3_, challenge2_.name as name3_2_3_, challenge2_.slug as slug4_2_3_, company3_.id as id1_3_4_, company3_.created_at as created_2_3_4_, company3_.name as name3_3_4_, company3_.slug as slug4_3_4_ from candidate candidates0_ inner join acceleration accelerati1_ on candidates0_.acceleration_id=accelerati1_.id left outer join challenge challenge2_ on accelerati1_.challenge_id=challenge2_.id inner join company company3_ on candidates0_.company_id=company3_.id where candidates0_.user_id=?
2020-02-26 11:29:08.458  INFO 25646 --- [           main] o.s.t.c.transaction.TransactionContext   : Rolled back transaction for test: [DefaultTestContext@5940b14e testClass = UserServiceTest, testInstance = com.challenge.suite.UserServiceTest@4c5406b, testMethod = whenSave@UserServiceTest, testException = java.lang.StackOverflowError, mergedContextConfiguration = [MergedContextConfiguration@795f6681 testClass = UserServiceTest, locations = '{}', classes = '{class com.challenge.SpringChallengeApplication}', contextInitializerClasses = '[]', activeProfiles = '{}', propertySourceLocations = '{}', propertySourceProperties = '{org.springframework.boot.test.context.SpringBootTestContextBootstrapper=true}', contextCustomizers = set[org.springframework.boot.test.context.filter.ExcludeFilterContextCustomizer@30a3107a, org.springframework.boot.test.json.DuplicateJsonObjectContextCustomizerFactory$DuplicateJsonObjectContextCustomizer@52feb982, org.springframework.boot.test.mock.mockito.MockitoContextCustomizer@0, org.springframework.boot.test.web.client.TestRestTemplateContextCustomizer@36b4cef0, org.springframework.boot.test.autoconfigure.properties.PropertyMappingContextCustomizer@0, org.springframework.boot.test.autoconfigure.web.servlet.WebDriverContextCustomizerFactory$Customizer@42d8062c], contextLoader = 'org.springframework.boot.test.context.SpringBootContextLoader', parent = [null]], attributes = map[[empty]]]
]]></system-out>
  </testcase>
</testsuite>